<?xml version="1.0" ?>
<testsuites disabled="0" errors="0" failures="1" tests="2" time="74.37408185005188">
	<testsuite disabled="0" errors="0" failures="1" name="test_scenario1.py" skipped="0" tests="1" time="13.02793836593628">
		<testcase name="test_Scenario1_FacebookLogin" time="13.027938">
			<failure message="mobileDriver = &lt;lib.MobileDriver.MobileDriver object at 0x000001B938619F88&gt;, request = &lt;FixtureRequest for &lt;Function test_Scenario1_FacebookLogin&gt;&gt;

    def test_Scenario1_FacebookLogin(mobileDriver: MobileDriver):
&gt;       print('step 1')

test_scenario1.py:25: 
_ _ _ _ _ _ _ _ _ _ _ _ _ _ _ _ _ _ _ _ _ _ _ _ _ _ _ _ _ _ _ _ _ _ _ _ _ _ _ _ _ _ _ _ _ _ _ _ _ _ _ _ _ _ _ _ _ _ _ _ _ _ _ _ _ _ _ _ _ _ _ _ _ _ _ _ _ _ _ _ _ _ _ _ _ _ _ _ _ _ _ _ _ _ _ _ _ _ _ _ _ _ _ _ _ _ _ _ _ _ _ _ _ _ _ _ _ _ 
..\digixvenv\lib\site-packages\pytest_bdd\scenario.py:195: in _execute_scenario
    _execute_step_function(request, scenario, step, step_func)
..\digixvenv\lib\site-packages\pytest_bdd\scenario.py:136: in _execute_step_function
    step_func(**kwargs)
test_scenario1.py:50: in loginToFacebook
    loginPage.facebookLoginFormExists()
_ _ _ _ _ _ _ _ _ _ _ _ _ _ _ _ _ _ _ _ _ _ _ _ _ _ _ _ _ _ _ _ _ _ _ _ _ _ _ _ _ _ _ _ _ _ _ _ _ _ _ _ _ _ _ _ _ _ _ _ _ _ _ _ _ _ _ _ _ _ _ _ _ _ _ _ _ _ _ _ _ _ _ _ _ _ _ _ _ _ _ _ _ _ _ _ _ _ _ _ _ _ _ _ _ _ _ _ _ _ _ _ _ _ _ _ _ _ 

self = &lt;pageobjects.LoginPage.LoginPage object at 0x000001B93864A548&gt;

    def facebookLoginFormExists(self):
    
        contextList = self.mobileDriver.getAllContexts()
    
&gt;       assert &quot;WEBVIEW&quot; in contextList  , &quot;WEBVIEW context is not available. Available contexts are &quot; + &quot;,&quot;.join(contextList)
E       AssertionError: WEBVIEW context is not available. Available contexts are NATIVE_APP

pageobjects\LoginPage.py:72: AssertionError" type="failure"/>
			<system-out>
Given the Zalora App has completed Country and Language selection....passed
When I login with Facebook....failed
Then I should see language selection page....failed
</system-out>
		</testcase>
	</testsuite>
	<testsuite disabled="0" errors="0" failures="0" name="test_scenario2.py" skipped="0" tests="1" time="61.3461434841156">
		<testcase name="test_Scenario2_OrderTransaction" time="61.346143">
			<system-out>
Given that Country and Language Selection has completed....passed
When I select and add product to cart....passed
Then I should be able to checkout successfully....passed
</system-out>
		</testcase>
	</testsuite>
</testsuites>
